
--- Job MELI.gms Start 01/10/23 18:46:34 30.3.0 rc5da09e WEX-WEI x86 64bit/MS Windows
--- GAMS Parameters defined
    Input C:\GAMS\win64\30.3\models\MELI\MELI.gms
    PageWidth 80
    PageSize 0
    PageContr 3
    Action CE
    ScrDir C:\GAMS\win64\30.3\models\MELI\225a\
    SysDir C:\GAMS\win64\30.3\
    WorkDir C:\GAMS\win64\30.3\models\MELI\
    LogOption 3
    DFormat 0
    TFormat 0
    ErrorLog 99
    IDE 1
GAMS 30.3.0   Copyright (C) 1987-2020 GAMS Development. All rights reserved
Licensee: Francisco Castro, Single User License          G190304:1744CO-WIN
          Hartree Partners, Consulting Mexico City                  DC14807
--- Starting compilation
--- MELI.gms(117) 4 Mb
--- call gdxxrw Inputdata\Input.xlsx @TempFiles\sets.tmp o=GdxFiles\sets.gdx MaxDupeErrors=99 CheckDate 

GDXXRW           30.3.0 rc5da09e Released Mar 06, 2020 WEI x86 64bit/MS Window
Input file : C:\GAMS\win64\30.3\models\MELI\Inputdata\Input.xlsx
Output file: C:\GAMS\win64\30.3\models\MELI\GdxFiles\sets.gdx
No new file written (CheckDate is active)
Total time = 469 Ms
--- MELI.gms(120) 4 Mb
--- GDXin=C:\GAMS\win64\30.3\models\MELI\GdxFiles\sets.gdx
--- MELI.gms(148) 4 Mb
--- call gdxxrw.exe Inputdata\Input.xlsx set=conex rng=rnt!a4 rDim=2 o=GdxFiles\sets2.gdx MaxDupeErrors=99

GDXXRW           30.3.0 rc5da09e Released Mar 06, 2020 WEI x86 64bit/MS Window
Input file : C:\GAMS\win64\30.3\models\MELI\Inputdata\Input.xlsx
Output file: C:\GAMS\win64\30.3\models\MELI\GdxFiles\sets2.gdx
Total time = 2219 Ms
--- MELI.gms(149) 4 Mb
--- GDXin=C:\GAMS\win64\30.3\models\MELI\GdxFiles\sets2.gdx
--- MELI.gms(155) 4 Mb
--- call gdxxrw.exe Inputdata\Input.xlsx set=ftec rng=capa0!a3 rDim=2 o=GdxFiles\sets3.gdx MaxDupeErrors=99

GDXXRW           30.3.0 rc5da09e Released Mar 06, 2020 WEI x86 64bit/MS Window
Input file : C:\GAMS\win64\30.3\models\MELI\Inputdata\Input.xlsx
Output file: C:\GAMS\win64\30.3\models\MELI\GdxFiles\sets3.gdx
Total time = 2063 Ms
--- MELI.gms(156) 4 Mb
--- GDXin=C:\GAMS\win64\30.3\models\MELI\GdxFiles\sets3.gdx
--- MELI.gms(162) 4 Mb
--- call gdxxrw.exe Inputdata\Input.xlsx set=freg rng=freg!a2 rDim=2 cDim=1 o=GdxFiles\sets4.gdx MaxDupeErrors=99

GDXXRW           30.3.0 rc5da09e Released Mar 06, 2020 WEI x86 64bit/MS Window
Input file : C:\GAMS\win64\30.3\models\MELI\Inputdata\Input.xlsx
Output file: C:\GAMS\win64\30.3\models\MELI\GdxFiles\sets4.gdx
Total time = 2266 Ms
--- MELI.gms(163) 4 Mb
--- GDXin=C:\GAMS\win64\30.3\models\MELI\GdxFiles\sets4.gdx
--- MELI.gms(169) 4 Mb
--- call gdxxrw.exe Inputdata\Input.xlsx set=sreg rng=sreg!a4 rDim=2 o=GdxFiles\sets5.gdx MaxDupeErrors=99

GDXXRW           30.3.0 rc5da09e Released Mar 06, 2020 WEI x86 64bit/MS Window
Input file : C:\GAMS\win64\30.3\models\MELI\Inputdata\Input.xlsx
Output file: C:\GAMS\win64\30.3\models\MELI\GdxFiles\sets5.gdx
Total time = 2016 Ms
--- MELI.gms(170) 4 Mb
--- GDXin=C:\GAMS\win64\30.3\models\MELI\GdxFiles\sets5.gdx
--- MELI.gms(314) 4 Mb
--- call gdxxrw Inputdata\Input.xlsx @TempFiles\input.tmp o=GdxFiles\input.gdx MaxDupeErrors=99 CheckDate 

GDXXRW           30.3.0 rc5da09e Released Mar 06, 2020 WEI x86 64bit/MS Window
Input file : C:\GAMS\win64\30.3\models\MELI\Inputdata\Input.xlsx
Output file: C:\GAMS\win64\30.3\models\MELI\GdxFiles\input.gdx
No new file written (CheckDate is active)
Total time = 407 Ms
--- MELI.gms(317) 4 Mb
--- GDXin=C:\GAMS\win64\30.3\models\MELI\GdxFiles\input.gdx
--- MELI.gms(331) 20 Mb
--- call gdxxrw Inputdata\Input.xlsx cmerge=1 MaxDupeErrors=99 CheckDate @TempFiles\input2.tmp o=GdxFiles\input2.gdx 

GDXXRW           30.3.0 rc5da09e Released Mar 06, 2020 WEI x86 64bit/MS Window
Input file : C:\GAMS\win64\30.3\models\MELI\Inputdata\Input.xlsx
Output file: C:\GAMS\win64\30.3\models\MELI\GdxFiles\input2.gdx
No new file written (CheckDate is active)
Total time = 422 Ms
--- MELI.gms(334) 20 Mb
--- GDXin=C:\GAMS\win64\30.3\models\MELI\GdxFiles\input2.gdx
--- MELI.gms(344) 20 Mb
--- call gdxxrw.exe Inputdata\Input.xlsx skipEmpty=0 par=branch rng=rnt!a3 rDim=2 cDim=1  o=GdxFiles\input3.gdx

GDXXRW           30.3.0 rc5da09e Released Mar 06, 2020 WEI x86 64bit/MS Window
Input file : C:\GAMS\win64\30.3\models\MELI\Inputdata\Input.xlsx
Output file: C:\GAMS\win64\30.3\models\MELI\GdxFiles\input3.gdx
Value expected in cell: rnt!C4; found PUEBLA
Value expected in cell: rnt!D4; found CDMX
Value expected in cell: rnt!C5; found PUEBLA
Value expected in cell: rnt!D5; found GUADALAJARA
Value expected in cell: rnt!C6; found PUEBLA
Additional errors suppressed
Total number of bad values for symbol branch = 26
Total time = 2109 Ms
--- MELI.gms(345) 20 Mb
--- GDXin=C:\GAMS\win64\30.3\models\MELI\GdxFiles\input3.gdx
--- MELI.gms(975) 20 Mb
--- Starting execution: elapsed 0:00:13.034
--- MELI.gms(604) 40 Mb
--- Generating LP model MELI
--- MELI.gms(538) 329 Mb  6 secs
--- MELI.gms(543) 2717 Mb  3 secs
--- MELI.gms(547) 5872 Mb  18 secs
--- MELI.gms(548) 7243 Mb  20 secs
--- MELI.gms(558) 7243 Mb  260 secs
--- MELI.gms(561) 7944 Mb  13 secs
--- MELI.gms(562) 8392 Mb  4 secs
--- MELI.gms(563) 8705 Mb  3 secs
--- MELI.gms(564) 9019 Mb  4 secs
--- MELI.gms(578) 9040 Mb  3 secs
--- MELI.gms(687) 9316 Mb  40 secs
--- LOOPS s = Base
---   34,436,093 rows  15,311,329 columns  102,251,781 non-zeroes
--- Executing CPLEX: elapsed 0:06:46.622
--- MELI.gms(687) 9316 Mb  45 secs

IBM ILOG CPLEX   30.3.0 rc5da09e Released Mar 06, 2020 WEI x86 64bit/MS Window
--- GAMS/Cplex licensed for continuous and discrete problems.
Cplex 12.10.0.0

Reading parameter(s) from "C:\GAMS\win64\30.3\models\MELI\cplex.opt"
>>  nodefileind 2
>>  workmem 1000
>>  names no
>>  lpmethod=4
>>  *perind=1
>>  *threads 5
>>  *nodesel 2
>>  *varsel 3
>>  *tuning tuning-result.txt
Finished reading from "C:\GAMS\win64\30.3\models\MELI\cplex.opt"
Reading data...
Starting Cplex...
Version identifier: 12.10.0.0 | 2019-11-26 | 843d4de2ae
CPXPARAM_Advance                                 0
CPXPARAM_LPMethod                                4
CPXPARAM_Threads                                 1
CPXPARAM_Parallel                                1
CPXPARAM_MIP_Strategy_File                       2
CPXPARAM_Barrier_Limits_Iteration                2000000000
CPXPARAM_TimeLimit                               28800
CPXPARAM_WorkMem                                 1000
CPXPARAM_Tune_TimeLimit                          5760
Aggregator has done 7801 substitutions...
Tried aggregator 1 time.
DUAL formed by presolve
Aggregator has done 84865 substitutions...
LP Presolve eliminated 32898482 rows and 14557881 columns.
Aggregator did 84865 substitutions.
Reduced LP has 668583 rows, 1579785 columns, and 4873436 nonzeros.
Presolve time = 41.28 sec. (33661.60 ticks)
Parallel mode: none, using 1 thread for barrier

***NOTE: Found 3 dense columns.

Number of nonzeros in lower triangle of A*A' = 8516349
Using Nested Dissection ordering
Total time for automatic ordering = 6.05 sec. (5523.79 ticks)
Summary statistics for Cholesky factor:
  Rows in Factor            = 668586
  Integer space required    = 4511543
  Total non-zeros in factor = 72216993
  Total FP ops to factor    = 17244204355
 Itn      Primal Obj        Dual Obj  Prim Inf Upper Inf  Dual Inf Inf Ratio
   0  -1.1210807e+06   2.5387634e+06  7.46e+06  0.00e+00  2.04e+09  1.00e+00
   1  -3.8777664e+06   1.6141790e+06  4.59e+06  0.00e+00  1.86e+09  7.73e-04
   2  -4.5769460e+06   1.6485510e+05  2.04e+06  0.00e+00  1.47e+09  5.14e-04
   3  -4.6004155e+06  -3.4415915e+06  1.00e+06  0.00e+00  3.66e+08  1.13e-03
   4  -2.4147298e+06  -1.9632989e+06  2.43e+05  0.00e+00  5.33e+07  4.35e-02
   5  -2.6181029e+05  -4.3877886e+05  1.38e+04  0.00e+00  8.94e+06  9.30e-02
   6  -9.4070487e+04  -3.3019602e+05  4.35e+03  0.00e+00  6.64e+06  1.90e-01
   7  -3.0924040e+04  -2.1879782e+05  9.87e+02  0.00e+00  4.31e+06  4.02e-01
   8  -2.6664765e+04  -1.8408073e+05  8.46e+02  0.00e+00  3.62e+06  4.87e-01
   9  -1.4267079e+04  -1.1670280e+05  4.59e+02  0.00e+00  2.30e+06  8.55e-01
  10  -1.3134435e+04  -6.9982353e+04  4.28e+02  0.00e+00  1.40e+06  1.39e+00
  11  -8.1735149e+03  -5.6291571e+04  3.12e+02  0.00e+00  1.14e+06  1.80e+00
  12  -7.5506801e+03  -4.5671845e+04  2.97e+02  0.00e+00  9.47e+05  2.16e+00
  13  -9.9290804e+02  -3.5594612e+04  1.37e+02  0.00e+00  7.57e+05  3.08e+00
  14   8.3362016e+01  -2.5205411e+04  1.07e+02  0.00e+00  5.58e+05  4.39e+00
  15   8.9250732e+02  -1.7734564e+04  8.28e+01  0.00e+00  4.14e+05  6.27e+00
  16   9.9686531e+02  -1.5640067e+04  8.02e+01  0.00e+00  3.74e+05  7.01e+00
  17   2.0985222e+03  -1.4673702e+04  5.94e+01  0.00e+00  3.57e+05  7.64e+00
  18   3.5603062e+03  -1.0563450e+04  3.31e+01  0.00e+00  2.84e+05  1.04e+01
  19   3.6069556e+03  -9.7562020e+03  3.22e+01  0.00e+00  2.69e+05  1.11e+01
  20   4.4207019e+03  -5.2677034e+03  1.71e+01  0.00e+00  1.89e+05  1.76e+01
  21   4.7036899e+03  -3.9293169e+03  1.24e+01  0.00e+00  1.66e+05  2.10e+01
  22   5.0758127e+03  -2.4244686e+03  7.93e+00  0.00e+00  1.40e+05  2.63e+01
  23   5.1540786e+03  -1.5710847e+03  7.11e+00  0.00e+00  1.25e+05  3.03e+01
  24   5.2044164e+03  -8.0894620e+02  6.66e+00  0.00e+00  1.13e+05  3.46e+01
  25   5.2505147e+03   2.0138029e+02  6.30e+00  0.00e+00  9.60e+04  4.24e+01
  26   5.5734818e+03   9.6979429e+02  3.93e+00  0.00e+00  8.35e+04  5.09e+01
  27   5.7980165e+03   2.5517331e+03  2.32e+00  0.00e+00  5.79e+04  8.32e+01
  28   5.8853557e+03   2.6476161e+03  1.92e+00  0.00e+00  5.64e+04  8.62e+01
  29   6.0065030e+03   3.1093930e+03  1.22e+00  0.00e+00  4.91e+04  1.03e+02
  30   6.1132833e+03   3.5856283e+03  7.60e-01  0.00e+00  4.18e+04  1.27e+02
  31   6.1745308e+03   3.9208223e+03  5.09e-01  0.00e+00  3.66e+04  1.51e+02
  32   6.2234669e+03   4.1964680e+03  3.49e-01  0.00e+00  3.24e+04  1.76e+02
  33   6.2493110e+03   4.4613726e+03  2.87e-01  0.00e+00  2.85e+04  2.07e+02
  34   6.2845928e+03   4.5378902e+03  2.26e-01  0.00e+00  2.73e+04  2.18e+02
  35   6.3008903e+03   4.8469756e+03  1.98e-01  0.00e+00  2.29e+04  2.75e+02
  36   6.3215796e+03   4.8826557e+03  1.70e-01  0.00e+00  2.23e+04  2.83e+02
  37   6.3327856e+03   4.9786833e+03  1.55e-01  0.00e+00  2.10e+04  3.06e+02
  38   6.3487466e+03   5.0229234e+03  1.34e-01  0.00e+00  2.03e+04  3.18e+02
  39   6.3706618e+03   5.1006687e+03  1.05e-01  0.00e+00  1.92e+04  3.41e+02
  40   6.3880363e+03   5.1802810e+03  8.24e-02  0.00e+00  1.81e+04  3.67e+02
  41   6.4021943e+03   5.2487134e+03  6.54e-02  0.00e+00  1.71e+04  3.93e+02
  42   6.4148176e+03   5.3061438e+03  5.17e-02  0.00e+00  1.63e+04  4.18e+02
  43   6.4269661e+03   5.4429414e+03  3.96e-02  0.00e+00  1.44e+04  4.88e+02
  44   6.4384700e+03   5.4884286e+03  3.22e-02  0.00e+00  1.38e+04  5.16e+02
  45   6.4422082e+03   5.7131577e+03  3.00e-02  0.00e+00  1.07e+04  7.14e+02
  46   6.4457774e+03   5.7194431e+03  2.87e-02  0.00e+00  1.06e+04  7.21e+02
  47   6.4595922e+03   5.7689707e+03  2.36e-02  0.00e+00  9.96e+03  7.79e+02
  48   6.4645436e+03   5.8060056e+03  2.19e-02  0.00e+00  9.47e+03  8.28e+02
  49   6.4696121e+03   5.8097132e+03  2.04e-02  0.00e+00  9.42e+03  8.33e+02
  50   6.4749988e+03   5.8148926e+03  1.87e-02  0.00e+00  9.36e+03  8.41e+02
  51   6.4845769e+03   5.8518979e+03  1.59e-02  0.00e+00  8.88e+03  8.95e+02
  52   6.4888636e+03   5.8582880e+03  1.47e-02  0.00e+00  8.80e+03  9.05e+02
  53   6.5049272e+03   5.9535669e+03  1.04e-02  0.00e+00  7.57e+03  1.09e+03
  54   6.5125231e+03   6.0315087e+03  8.96e-03  0.00e+00  6.60e+03  1.29e+03
  55   6.5188112e+03   6.1016016e+03  8.02e-03  0.00e+00  5.74e+03  1.53e+03
  56   6.5226485e+03   6.1129150e+03  7.51e-03  0.00e+00  5.61e+03  1.57e+03
  57   6.5331201e+03   6.1767034e+03  6.11e-03  0.00e+00  4.84e+03  1.89e+03
  58   6.5400163e+03   6.2205535e+03  5.33e-03  0.00e+00  4.32e+03  2.17e+03
  59   6.5472910e+03   6.2696269e+03  4.58e-03  0.00e+00  3.75e+03  2.58e+03
  60   6.5539957e+03   6.3124872e+03  3.96e-03  0.00e+00  3.26e+03  3.06e+03
  61   6.5576912e+03   6.3410032e+03  3.66e-03  0.00e+00  2.94e+03  3.48e+03
  62   6.5651666e+03   6.3644755e+03  3.04e-03  0.00e+00  2.68e+03  3.89e+03
  63   6.5701686e+03   6.4008320e+03  2.64e-03  0.00e+00  2.27e+03  4.77e+03
  64   6.5717760e+03   6.4148532e+03  2.51e-03  0.00e+00  2.11e+03  5.20e+03
  65   6.5783470e+03   6.4442894e+03  2.02e-03  0.00e+00  1.78e+03  6.37e+03
  66   6.5800241e+03   6.4590079e+03  1.90e-03  0.00e+00  1.62e+03  7.14e+03
  67   6.5836460e+03   6.4721599e+03  1.66e-03  0.00e+00  1.48e+03  7.98e+03
  68   6.5859354e+03   6.4860072e+03  1.51e-03  0.00e+00  1.33e+03  9.07e+03
  69   6.5882172e+03   6.5031800e+03  1.37e-03  0.00e+00  1.15e+03  1.08e+04
  70   6.5910548e+03   6.5216298e+03  1.21e-03  0.00e+00  9.53e+02  1.36e+04
  71   6.5922644e+03   6.5263925e+03  1.14e-03  0.00e+00  9.03e+02  1.44e+04
  72   6.5943677e+03   6.5345588e+03  1.02e-03  0.00e+00  8.18e+02  1.63e+04
  73   6.5966265e+03   6.5456918e+03  9.03e-04  0.00e+00  7.03e+02  1.94e+04
  74   6.5990635e+03   6.5481731e+03  8.04e-04  0.00e+00  6.79e+02  2.02e+04
  75   6.6005086e+03   6.5609647e+03  7.37e-04  0.00e+00  5.52e+02  2.59e+04
  76   6.6021490e+03   6.5631754e+03  6.68e-04  0.00e+00  5.30e+02  2.71e+04
  77   6.6034496e+03   6.5699787e+03  6.11e-04  0.00e+00  4.64e+02  3.17e+04
  78   6.6051778e+03   6.5800583e+03  5.29e-04  0.00e+00  3.63e+02  4.23e+04
  79   6.6063953e+03   6.5844961e+03  4.74e-04  0.00e+00  3.19e+02  4.90e+04
  80   6.6070924e+03   6.5900078e+03  4.43e-04  0.00e+00  2.65e+02  6.06e+04
  81   6.6080964e+03   6.5939316e+03  3.99e-04  0.00e+00  2.27e+02  7.21e+04
  82   6.6089355e+03   6.5957731e+03  3.64e-04  0.00e+00  2.09e+02  7.89e+04
  83   6.6094876e+03   6.5960170e+03  3.40e-04  0.00e+00  2.07e+02  7.99e+04
  84   6.6103934e+03   6.6003003e+03  3.00e-04  0.00e+00  1.65e+02  1.03e+05
  85   6.6108773e+03   6.6036277e+03  2.79e-04  0.00e+00  1.33e+02  1.31e+05
  86   6.6110340e+03   6.6054590e+03  2.73e-04  0.00e+00  1.16e+02  1.52e+05
  87   6.6116712e+03   6.6077738e+03  2.47e-04  0.00e+00  9.36e+01  1.90e+05
  88   6.6119914e+03   6.6096453e+03  2.33e-04  0.00e+00  7.58e+01  2.36e+05
  89   6.6131184e+03   6.6115309e+03  1.88e-04  0.00e+00  5.81e+01  3.07e+05
  90   6.6134618e+03   6.6126072e+03  1.73e-04  0.00e+00  4.77e+01  3.72e+05
  91   6.6138077e+03   6.6126899e+03  1.58e-04  0.00e+00  4.69e+01  3.78e+05
  92   6.6141686e+03   6.6135030e+03  1.43e-04  0.00e+00  3.90e+01  4.53e+05
  93   6.6147975e+03   6.6144258e+03  1.16e-04  0.00e+00  2.99e+01  5.82e+05
  94   6.6148484e+03   6.6148678e+03  1.14e-04  0.00e+00  2.55e+01  6.77e+05
  95   6.6157189e+03   6.6154995e+03  7.65e-05  0.00e+00  1.92e+01  8.74e+05
  96   6.6158925e+03   6.6160379e+03  6.85e-05  0.00e+00  1.35e+01  1.22e+06
  97   6.6160219e+03   6.6162048e+03  6.26e-05  0.00e+00  1.18e+01  1.38e+06
  98   6.6163112e+03   6.6165459e+03  4.94e-05  0.00e+00  8.23e+00  1.90e+06
  99   6.6163380e+03   6.6167537e+03  4.81e-05  0.00e+00  5.96e+00  2.51e+06
 100   6.6165374e+03   6.6168684e+03  3.91e-05  0.00e+00  4.73e+00  3.01e+06
 101   6.6166635e+03   6.6169357e+03  3.28e-05  0.00e+00  3.97e+00  3.47e+06
 102   6.6167336e+03   6.6170075e+03  2.95e-05  0.00e+00  3.11e+00  4.25e+06
 103   6.6169181e+03   6.6170978e+03  2.23e-05  0.00e+00  2.01e+00  6.01e+06
 104   6.6169724e+03   6.6171259e+03  1.96e-05  0.00e+00  1.61e+00  7.27e+06
 105   6.6169974e+03   6.6171378e+03  1.92e-05  0.00e+00  1.42e+00  8.07e+06
 106   6.6170699e+03   6.6171679e+03  1.80e-05  0.00e+00  9.50e-01  1.13e+07
 107   6.6170821e+03   6.6171744e+03  1.71e-05  0.00e+00  8.35e-01  1.27e+07
 108   6.6171266e+03   6.6171890e+03  2.11e-05  0.00e+00  5.68e-01  1.78e+07
 109   6.6171309e+03   6.6171915e+03  1.96e-05  0.00e+00  5.14e-01  1.94e+07
 110   6.6171711e+03   6.6172022e+03  2.84e-05  0.00e+00  2.79e-01  3.30e+07
 111   6.6171803e+03   6.6172031e+03  2.45e-05  0.00e+00  2.46e-01  3.71e+07
 112   6.6171837e+03   6.6172037e+03  2.80e-05  0.00e+00  2.23e-01  4.09e+07
 113   6.6171857e+03   6.6172064e+03  2.62e-05  0.00e+00  1.11e-01  8.09e+07
 114   6.6172012e+03   6.6172080e+03  1.73e-05  0.00e+00  6.90e-02  1.19e+08
 115   6.6172014e+03   6.6172081e+03  1.68e-05  0.00e+00  5.00e-02  1.64e+08
 116   6.6172069e+03   6.6172083e+03  1.39e-05  0.00e+00  1.42e-02  5.39e+08
 117   6.6172080e+03   6.6172082e+03  9.40e-06  0.00e+00  2.97e-03  2.63e+09
 118   6.6172082e+03   6.6172082e+03  4.92e-06  0.00e+00  5.27e-04  1.57e+10
Barrier time = 364.67 sec. (771716.67 ticks)

Primal crossover.
  Primal:  Fixing 721581 variables.
   721580 PMoves:  Infeasibility  7.47839270e-02  Objective  6.61721338e+03
   715270 PMoves:  Infeasibility  7.46171289e-02  Objective  6.61721338e+03
   708660 PMoves:  Infeasibility  7.46299554e-02  Objective  6.61721338e+03
   701605 PMoves:  Infeasibility  7.46148774e-02  Objective  6.61721338e+03
   694034 PMoves:  Infeasibility  7.44475819e-02  Objective  6.61721338e+03
   686566 PMoves:  Infeasibility  7.44329531e-02  Objective  6.61721338e+03
   679149 PMoves:  Infeasibility  7.43398917e-02  Objective  6.61721338e+03
   670708 PMoves:  Infeasibility  7.43771149e-02  Objective  6.61721338e+03
   662653 PMoves:  Infeasibility  7.44123894e-02  Objective  6.61721338e+03
   653302 PMoves:  Infeasibility  7.44527282e-02  Objective  6.61721339e+03
   645357 PMoves:  Infeasibility  7.45243821e-02  Objective  6.61721339e+03
   637630 PMoves:  Infeasibility  7.43322218e-02  Objective  6.61721339e+03
   629999 PMoves:  Infeasibility  7.42463499e-02  Objective  6.61721339e+03
   618853 PMoves:  Infeasibility  7.42463161e-02  Objective  6.61721339e+03
   607951 PMoves:  Infeasibility  7.42459499e-02  Objective  6.61721339e+03
   592801 PMoves:  Infeasibility  7.42602401e-02  Objective  6.61721339e+03
   576345 PMoves:  Infeasibility  6.09589813e-02  Objective  6.61721312e+03
   564138 PMoves:  Infeasibility  3.61962056e-02  Objective  6.61721312e+03
   554646 PMoves:  Infeasibility  3.12335742e-02  Objective  6.61721312e+03
   514024 PMoves:  Infeasibility  2.44250719e-02  Objective  6.61721309e+03
   470327 PMoves:  Infeasibility  6.99248623e-03  Objective  6.61721309e+03
   432114 PMoves:  Infeasibility  5.17091141e-03  Objective  6.61721313e+03
   409747 PMoves:  Infeasibility  5.21908541e-03  Objective  6.61721313e+03
   358443 PMoves:  Infeasibility  4.29654883e-03  Objective  6.61721327e+03
   346369 PMoves:  Infeasibility  4.27014148e-03  Objective  6.61721327e+03
   335313 PMoves:  Infeasibility  4.43872753e-03  Objective  6.61721327e+03
   323729 PMoves:  Infeasibility  4.47036828e-03  Objective  6.61721327e+03
   312000 PMoves:  Infeasibility  4.63534868e-03  Objective  6.61721327e+03
   300979 PMoves:  Infeasibility  4.60124251e-03  Objective  6.61721327e+03
   291289 PMoves:  Infeasibility  4.42020618e-03  Objective  6.61721015e+03
   282248 PMoves:  Infeasibility  4.25968814e-03  Objective  6.61721015e+03
   270473 PMoves:  Infeasibility  4.07288274e-03  Objective  6.61721015e+03
   260374 PMoves:  Infeasibility  2.16679057e-03  Objective  6.61721015e+03
   251436 PMoves:  Infeasibility  2.11889092e-03  Objective  6.61721015e+03
   246547 PMoves:  Infeasibility  2.17057667e-03  Objective  6.61721015e+03
   245598 PMoves:  Infeasibility  2.17057668e-03  Objective  6.61721015e+03
   Elapsed crossover time = 7.16 sec. (10079.36 ticks, 245598 PMoves)
   244655 PMoves:  Infeasibility  2.17057668e-03  Objective  6.61721015e+03
   243525 PMoves:  Infeasibility  2.17057668e-03  Objective  6.61721015e+03
   242575 PMoves:  Infeasibility  2.17057668e-03  Objective  6.61721015e+03
   241355 PMoves:  Infeasibility  2.17057668e-03  Objective  6.61721015e+03
   240326 PMoves:  Infeasibility  2.17057668e-03  Objective  6.61721015e+03
   239164 PMoves:  Infeasibility  2.17057668e-03  Objective  6.61721015e+03
   221546 PMoves:  Infeasibility  2.14884194e-03  Objective  6.61721015e+03
   206054 PMoves:  Infeasibility  1.95235364e-03  Objective  6.61721015e+03
   191835 PMoves:  Infeasibility  1.84718792e-03  Objective  6.61721015e+03
   178659 PMoves:  Infeasibility  1.72194305e-03  Objective  6.61721015e+03
   163221 PMoves:  Infeasibility  1.60426748e-03  Objective  6.61721015e+03
   150069 PMoves:  Infeasibility  1.54123193e-03  Objective  6.61721015e+03
   138750 PMoves:  Infeasibility  1.45404538e-03  Objective  6.61721015e+03
   113301 PMoves:  Infeasibility  1.41945544e-03  Objective  6.61721015e+03
   102008 PMoves:  Infeasibility  1.26136945e-03  Objective  6.61721015e+03
    90298 PMoves:  Infeasibility  1.09128428e-03  Objective  6.61721015e+03
    80442 PMoves:  Infeasibility  9.54061021e-04  Objective  6.61721015e+03
    72906 PMoves:  Infeasibility  8.22926771e-04  Objective  6.61721015e+03
    64268 PMoves:  Infeasibility  7.10554513e-04  Objective  6.61721015e+03
    54218 PMoves:  Infeasibility  5.65056990e-04  Objective  6.61721015e+03
    44484 PMoves:  Infeasibility  4.40735887e-04  Objective  6.61721015e+03
    35938 PMoves:  Infeasibility  3.07637124e-04  Objective  6.61721015e+03
    26544 PMoves:  Infeasibility  2.12127808e-04  Objective  6.61721015e+03
    15289 PMoves:  Infeasibility  9.96549846e-05  Objective  6.61721015e+03
     1485 PMoves:  Infeasibility  3.21815266e-05  Objective  6.61721015e+03
        0 PMoves:  Infeasibility  3.05287179e-05  Objective  6.61721015e+03
  Primal:  Pushed 470798, exchanged 250783.
  Dual:  Fixing 48877 variables.
    48876 DMoves:  Infeasibility  9.46457342e+00  Objective  6.61721015e+03
    44886 DMoves:  Infeasibility  9.46457342e+00  Objective  6.61721015e+03
    43878 DMoves:  Infeasibility  9.45857233e+00  Objective  6.61721015e+03
    43579 DMoves:  Infeasibility  9.45857233e+00  Objective  6.61721015e+03
    38653 DMoves:  Infeasibility  9.44734753e+00  Objective  6.61721015e+03
    38208 DMoves:  Infeasibility  9.44734753e+00  Objective  6.61721015e+03
    32365 DMoves:  Infeasibility  9.44132896e+00  Objective  6.61721015e+03
    31630 DMoves:  Infeasibility  9.43604263e+00  Objective  6.61721015e+03
    24260 DMoves:  Infeasibility  6.88992071e+00  Objective  6.61721015e+03
    22865 DMoves:  Infeasibility  6.82548202e+00  Objective  6.61721015e+03
    16984 DMoves:  Infeasibility  3.95241986e+00  Objective  6.61721015e+03
    15251 DMoves:  Infeasibility  3.93928139e+00  Objective  6.61721015e+03
    13567 DMoves:  Infeasibility  3.28141560e+00  Objective  6.61721015e+03
    11885 DMoves:  Infeasibility  2.84659257e+00  Objective  6.61721015e+03
    10240 DMoves:  Infeasibility  2.39579261e+00  Objective  6.61721015e+03
     8258 DMoves:  Infeasibility  2.16557392e+00  Objective  6.61721015e+03
     6366 DMoves:  Infeasibility  1.80214164e+00  Objective  6.61721015e+03
     4572 DMoves:  Infeasibility  1.47034113e+00  Objective  6.61721015e+03
     2796 DMoves:  Infeasibility  1.35224239e+00  Objective  6.61721015e+03
        0 DMoves:  Infeasibility  4.70778072e-01  Objective  6.61721015e+03
  Dual:  Pushed 21690, exchanged 27187.
Using devex.
Elapsed time = 427.50 sec. (830904.87 ticks, 1 iterations)

Iteration log . . .
Iteration:     1    Objective     =          6617.210151
Removing shift (1).
Iteration:   164    Scaled infeas =             0.000049
Iteration:   573    Scaled infeas =             0.000018
Iteration:  4633    Objective     =          6617.208101
Iteration:  5879    Objective     =          6617.208232
Iteration:  7261    Objective     =          6617.208232
Iteration:  8799    Objective     =          6617.208232
Iteration: 10232    Objective     =          6617.208232
Iteration: 11971    Objective     =          6617.208232
Perturbation started.
Iteration: 12436    Objective     =          6617.208232
Iteration: 14057    Objective     =          6617.208357
Switched to steepest-edge.
Iteration: 15332    Objective     =          6617.208475
Iteration: 16238    Objective     =          6617.208611
Elapsed time = 449.78 sec. (840905.25 ticks, 16496 iterations)
Iteration: 17015    Objective     =          6617.208693
Iteration: 17910    Objective     =          6617.208774
Iteration: 18775    Objective     =          6617.208839
Iteration: 19685    Objective     =          6617.208890
Iteration: 20657    Objective     =          6617.208931
Iteration: 21453    Objective     =          6617.208957
Elapsed time = 466.95 sec. (850906.50 ticks, 22289 iterations)
Iteration: 22357    Objective     =          6617.209055
Iteration: 23098    Objective     =          6617.209076
Iteration: 23968    Objective     =          6617.209097
Iteration: 24736    Objective     =          6617.209111
Iteration: 25545    Objective     =          6617.209123
Iteration: 26342    Objective     =          6617.209134
Elapsed time = 489.72 sec. (860907.79 ticks, 26352 iterations)
Iteration: 27216    Objective     =          6617.209141
Iteration: 28124    Objective     =          6617.209147
Iteration: 29072    Objective     =          6617.209150
Removing perturbation.
Iteration: 29860   Dual objective     =          6617.208233
Total crossover time = 129.34 sec. (83427.09 ticks)

Total time on 1 threads = 537.64 sec. (889766.30 ticks)
LP status(1): optimal
Cplex Time: 537.77sec (det. 889864.82 ticks)

Optimal solution found.
Simplex iterations after crossover:  29862

Objective :        6617.208233

--- Restarting execution
--- MELI.gms(687) 1806 Mb
--- Reading solution for model MELI
--- MELI.gms(687) 4038 Mb  11 secs
--- GDX Point C:\GAMS\win64\30.3\models\MELI\MELI_p1.gdx
--- Executing after solve: elapsed 0:16:57.942
--- MELI.gms(604) 4534 Mb  21 secs
--- Generating LP model MELI
--- MELI.gms(538) 4669 Mb  6 secs
--- MELI.gms(547) 9621 Mb  17 secs
--- MELI.gms(548) 10992 Mb  19 secs
--- MELI.gms(558) 10992 Mb  250 secs
--- MELI.gms(561) 11693 Mb  12 secs
--- MELI.gms(562) 12141 Mb  4 secs
--- MELI.gms(563) 12455 Mb  3 secs
--- MELI.gms(564) 12768 Mb  3 secs
--- MELI.gms(578) 12790 Mb  4 secs
--- MELI.gms(687) 12792 Mb  35 secs
--- LOOPS s = Least-Cost
---   34,436,093 rows  15,311,329 columns  102,251,781 non-zeroes
--- Executing CPLEX: elapsed 0:23:36.649
--- MELI.gms(687) 12792 Mb  45 secs

IBM ILOG CPLEX   30.3.0 rc5da09e Released Mar 06, 2020 WEI x86 64bit/MS Window
--- GAMS/Cplex licensed for continuous and discrete problems.
Cplex 12.10.0.0

Reading parameter(s) from "C:\GAMS\win64\30.3\models\MELI\cplex.opt"
>>  nodefileind 2
>>  workmem 1000
>>  names no
>>  lpmethod=4
>>  *perind=1
>>  *threads 5
>>  *nodesel 2
>>  *varsel 3
>>  *tuning tuning-result.txt
Finished reading from "C:\GAMS\win64\30.3\models\MELI\cplex.opt"
Reading data...
Starting Cplex...
Version identifier: 12.10.0.0 | 2019-11-26 | 843d4de2ae
CPXPARAM_Advance                                 0
CPXPARAM_LPMethod                                4
CPXPARAM_Threads                                 1
CPXPARAM_Parallel                                1
CPXPARAM_MIP_Strategy_File                       2
CPXPARAM_Barrier_Limits_Iteration                2000000000
CPXPARAM_TimeLimit                               28800
CPXPARAM_WorkMem                                 1000
CPXPARAM_Tune_TimeLimit                          5760
Aggregator has done 7501 substitutions...
Tried aggregator 1 time.
DUAL formed by presolve
Aggregator has done 92627 substitutions...
LP Presolve eliminated 32821934 rows and 14542304 columns.
Aggregator did 92627 substitutions.
Reduced LP has 676398 rows, 1596669 columns, and 4992257 nonzeros.
Presolve time = 41.41 sec. (34056.54 ticks)
Parallel mode: none, using 1 thread for barrier

***NOTE: Found 3 dense columns.

Number of nonzeros in lower triangle of A*A' = 8903529
Using Nested Dissection ordering
Total time for automatic ordering = 6.56 sec. (4914.61 ticks)
Summary statistics for Cholesky factor:
  Rows in Factor            = 676401
  Integer space required    = 4760544
  Total non-zeros in factor = 87595920
  Total FP ops to factor    = 27585733838
 Itn      Primal Obj        Dual Obj  Prim Inf Upper Inf  Dual Inf Inf Ratio
   0  -3.9699598e+06   3.3934760e+06  2.81e+07  5.58e+03  2.05e+09  1.00e+00
   1  -4.5078972e+06   2.2972013e+06  1.89e+07  3.75e+03  1.80e+09  7.81e-04
   2  -4.7810443e+06  -5.6188254e+05  9.38e+06  1.86e+03  1.10e+09  3.27e-04
   3  -4.4065754e+06  -2.4654630e+06  2.30e+06  4.57e+02  5.39e+08  4.22e-04
   4  -2.7533435e+06  -2.3770192e+06  4.41e+05  8.75e+01  8.20e+07  1.40e-02
   5  -6.1895645e+05  -1.0082965e+06  4.57e+04  9.08e+00  2.60e+07  3.53e-02
   6  -2.2922595e+05  -4.0559977e+05  8.38e+03  1.66e+00  7.92e+06  1.43e-01
   7  -1.2848800e+05  -2.0868190e+05  4.59e+03  9.11e-01  4.01e+06  2.91e-01
   8  -1.2195054e+05  -1.7590410e+05  4.37e+03  8.68e-01  3.41e+06  3.26e-01
   9  -5.5222572e+04  -9.4866361e+04  2.24e+03  4.44e-01  1.96e+06  5.85e-01
  10  -5.3909021e+04  -8.6026444e+04  2.20e+03  4.36e-01  1.81e+06  6.19e-01
  11  -3.6704511e+04  -3.3814879e+04  1.65e+03  3.27e-01  8.71e+05  1.15e+00
  12  -8.0218746e+03  -2.1991727e+04  6.97e+02  1.38e-01  6.51e+05  1.83e+00
  13  -4.3835926e+02  -1.3773027e+04  2.86e+02  5.69e-02  4.52e+05  3.05e+00
  14   4.9591442e+02  -1.0049668e+04  1.81e+02  3.60e-02  3.46e+05  4.30e+00
  15   1.3375440e+03  -7.1711956e+03  1.58e+02  3.14e-02  2.88e+05  5.34e+00
  16   1.7965312e+03  -3.5457399e+03  1.39e+02  2.76e-02  2.03e+05  8.00e+00
  17   2.3464119e+03  -2.7208688e+03  1.20e+02  2.38e-02  1.85e+05  9.01e+00
  18   3.2440940e+03  -8.0199833e+02  8.32e+01  1.65e-02  1.40e+05  1.28e+01
  19   3.3672017e+03   5.3845923e+02  7.96e+01  1.58e-02  1.13e+05  1.63e+01
  20   3.6154955e+03   1.2747394e+03  7.15e+01  1.42e-02  9.75e+04  1.97e+01
  21   3.9562955e+03   1.7687156e+03  6.21e+01  1.23e-02  8.77e+04  2.25e+01
  22   4.3330733e+03   2.6988865e+03  4.86e+01  9.65e-03  6.69e+04  3.15e+01
  23   4.5057298e+03   2.9433730e+03  4.37e+01  8.68e-03  6.20e+04  3.48e+01
  24   4.8332655e+03   3.6339434e+03  3.25e+01  6.45e-03  4.69e+04  4.95e+01
  25   5.0347674e+03   4.1070141e+03  2.59e+01  5.14e-03  3.68e+04  6.74e+01
  26   5.2296445e+03   4.4070710e+03  1.99e+01  3.95e-03  3.06e+04  8.55e+01
  27   5.3616406e+03   4.5557797e+03  1.52e+01  3.02e-03  2.73e+04  9.93e+01
  28   5.4851223e+03   4.7419410e+03  1.10e+01  2.19e-03  2.32e+04  1.22e+02
  29   5.5803450e+03   4.9234937e+03  8.50e+00  1.69e-03  1.96e+04  1.53e+02
  30   5.6814129e+03   5.0855755e+03  6.08e+00  1.21e-03  1.64e+04  1.91e+02
  31   5.7262399e+03   5.1925099e+03  5.08e+00  1.01e-03  1.44e+04  2.26e+02
  32   5.7461569e+03   5.2354214e+03  4.64e+00  9.21e-04  1.36e+04  2.44e+02
  33   5.7537011e+03   5.2367453e+03  4.43e+00  8.79e-04  1.36e+04  2.45e+02
  34   5.7904624e+03   5.3429411e+03  3.61e+00  7.17e-04  1.16e+04  3.00e+02
  35   5.8022116e+03   5.3472167e+03  3.39e+00  6.72e-04  1.15e+04  3.03e+02
  36   5.8041732e+03   5.3473161e+03  3.36e+00  6.68e-04  1.15e+04  3.03e+02
  37   5.8154560e+03   5.3558323e+03  3.14e+00  6.24e-04  1.13e+04  3.08e+02
  38   5.8184159e+03   5.3561128e+03  3.08e+00  6.11e-04  1.13e+04  3.08e+02
  39   5.8348251e+03   5.3826640e+03  2.73e+00  5.42e-04  1.08e+04  3.26e+02
  40   5.8450874e+03   5.3881852e+03  2.53e+00  5.02e-04  1.07e+04  3.30e+02
  41   5.8594091e+03   5.4243021e+03  2.23e+00  4.43e-04  1.01e+04  3.57e+02
  42   5.8771144e+03   5.4348722e+03  1.90e+00  3.78e-04  9.87e+03  3.66e+02
  43   5.8969234e+03   5.4747653e+03  1.49e+00  2.96e-04  9.13e+03  4.02e+02
  44   5.9103247e+03   5.4815057e+03  1.26e+00  2.50e-04  9.01e+03  4.09e+02
  45   5.9185190e+03   5.5332543e+03  1.09e+00  2.17e-04  8.06e+03  4.70e+02
  46   5.9292681e+03   5.5920863e+03  9.24e-01  1.83e-04  7.02e+03  5.60e+02
  47   5.9439781e+03   5.6173015e+03  7.39e-01  1.47e-04  6.59e+03  6.04e+02
  48   5.9596043e+03   5.6487147e+03  5.51e-01  1.09e-04  6.05e+03  6.68e+02
  49   5.9735847e+03   5.6897694e+03  4.09e-01  8.13e-05  5.37e+03  7.74e+02
  50   5.9849649e+03   5.7500249e+03  3.13e-01  6.22e-05  4.40e+03  9.99e+02
  51   5.9919788e+03   5.7862798e+03  2.69e-01  5.35e-05  3.84e+03  1.19e+03
  52   5.9953592e+03   5.7876210e+03  2.49e-01  4.95e-05  3.82e+03  1.19e+03
  53   6.0041012e+03   5.8271703e+03  2.01e-01  3.99e-05  3.22e+03  1.48e+03
  54   6.0089516e+03   5.8332698e+03  1.76e-01  3.49e-05  3.13e+03  1.53e+03
  55   6.0149201e+03   5.8471236e+03  1.47e-01  2.92e-05  2.93e+03  1.66e+03
  56   6.0198737e+03   5.8723546e+03  1.26e-01  2.50e-05  2.56e+03  1.96e+03
  57   6.0216183e+03   5.8745535e+03  1.19e-01  2.37e-05  2.53e+03  1.99e+03
  58   6.0249286e+03   5.8950305e+03  1.07e-01  2.13e-05  2.24e+03  2.32e+03
  59   6.0302600e+03   5.9071907e+03  8.99e-02  1.78e-05  2.08e+03  2.55e+03
  60   6.0338424e+03   5.9158304e+03  7.86e-02  1.56e-05  1.96e+03  2.73e+03
  61   6.0377224e+03   5.9276221e+03  6.66e-02  1.32e-05  1.80e+03  3.04e+03
  62   6.0409985e+03   5.9429662e+03  5.86e-02  1.16e-05  1.60e+03  3.52e+03
  63   6.0454478e+03   5.9534176e+03  4.78e-02  9.50e-06  1.46e+03  3.93e+03
  64   6.0475612e+03   5.9577821e+03  4.20e-02  8.34e-06  1.40e+03  4.12e+03
  65   6.0497093e+03   5.9741842e+03  3.66e-02  7.27e-06  1.19e+03  5.09e+03
  66   6.0519639e+03   5.9825772e+03  3.16e-02  6.28e-06  1.08e+03  5.73e+03
  67   6.0546758e+03   5.9934365e+03  2.62e-02  5.21e-06  9.40e+02  6.79e+03
  68   6.0569981e+03   6.0013873e+03  2.19e-02  4.35e-06  8.41e+02  7.79e+03
  69   6.0590090e+03   6.0110099e+03  1.84e-02  3.66e-06  7.22e+02  9.42e+03
  70   6.0607754e+03   6.0216746e+03  1.56e-02  3.10e-06  5.93e+02  1.21e+04
  71   6.0624857e+03   6.0265855e+03  1.30e-02  2.59e-06  5.34e+02  1.38e+04
  72   6.0634602e+03   6.0329770e+03  1.16e-02  2.30e-06  4.58e+02  1.67e+04
  73   6.0646281e+03   6.0387286e+03  9.98e-03  1.98e-06  3.90e+02  2.04e+04
  74   6.0655525e+03   6.0428196e+03  8.77e-03  1.74e-06  3.42e+02  2.39e+04
  75   6.0665079e+03   6.0466396e+03  7.57e-03  1.50e-06  2.98e+02  2.83e+04
  76   6.0670290e+03   6.0495250e+03  6.93e-03  1.38e-06  2.65e+02  3.27e+04
  77   6.0677964e+03   6.0508295e+03  5.99e-03  1.19e-06  2.50e+02  3.51e+04
  78   6.0685964e+03   6.0523059e+03  5.01e-03  9.95e-07  2.33e+02  3.81e+04
  79   6.0694413e+03   6.0572941e+03  3.97e-03  7.88e-07  1.76e+02  5.42e+04
  80   6.0697479e+03   6.0585698e+03  3.63e-03  7.21e-07  1.62e+02  6.00e+04
  81   6.0703285e+03   6.0616389e+03  3.00e-03  5.95e-07  1.28e+02  8.05e+04
  82   6.0707455e+03   6.0641131e+03  2.56e-03  5.08e-07  1.00e+02  1.08e+05
  83   6.0711803e+03   6.0668130e+03  2.13e-03  4.23e-07  7.09e+01  1.65e+05
  84   6.0713703e+03   6.0675091e+03  1.95e-03  3.88e-07  6.35e+01  1.88e+05
  85   6.0715850e+03   6.0683109e+03  1.75e-03  3.48e-07  5.50e+01  2.22e+05
  86   6.0716778e+03   6.0684291e+03  1.67e-03  3.30e-07  5.37e+01  2.28e+05
  87   6.0718952e+03   6.0694620e+03  1.46e-03  2.90e-07  4.27e+01  2.99e+05
  88   6.0720746e+03   6.0700685e+03  1.30e-03  2.57e-07  3.62e+01  3.61e+05
  89   6.0721772e+03   6.0704491e+03  1.20e-03  2.38e-07  3.22e+01  4.13e+05
  90   6.0723946e+03   6.0712978e+03  1.00e-03  1.98e-07  2.32e+01  6.02e+05
  91   6.0725544e+03   6.0716843e+03  8.56e-04  1.69e-07  1.91e+01  7.46e+05
  92   6.0726839e+03   6.0721927e+03  7.36e-04  1.45e-07  1.36e+01  1.08e+06
  93   6.0726917e+03   6.0722398e+03  7.28e-04  1.44e-07  1.31e+01  1.12e+06
  94   6.0729801e+03   6.0726397e+03  4.58e-04  8.99e-08  8.82e+00  1.71e+06
  95   6.0730552e+03   6.0728794e+03  3.82e-04  7.47e-08  6.12e+00  2.53e+06
  96   6.0731228e+03   6.0729910e+03  3.12e-04  6.09e-08  4.87e+00  3.20e+06
  97   6.0731734e+03   6.0731402e+03  2.60e-04  5.04e-08  3.16e+00  4.98e+06
  98   6.0732762e+03   6.0732009e+03  1.53e-04  2.91e-08  2.46e+00  6.33e+06
  99   6.0733034e+03   6.0732313e+03  1.21e-04  2.25e-08  2.08e+00  7.52e+06
 100   6.0733212e+03   6.0732555e+03  9.86e-05  1.81e-08  1.77e+00  8.90e+06
 101   6.0733452e+03   6.0733065e+03  6.81e-05  1.20e-08  1.11e+00  1.46e+07
 102   6.0733660e+03   6.0733169e+03  4.78e-05  6.56e-09  9.73e-01  1.67e+07
 103   6.0733804e+03   6.0733592e+03  2.73e-05  2.16e-09  3.90e-01  4.63e+07
 104   6.0733853e+03   6.0733645e+03  1.88e-05  9.12e-10  3.20e-01  5.71e+07
 105   6.0733878e+03   6.0733831e+03  1.70e-05  2.33e-10  7.32e-02  3.04e+08
 106   6.0733885e+03   6.0733871e+03  1.27e-05  1.46e-10  2.83e-02  7.94e+08
 107   6.0733890e+03   6.0733876e+03  2.59e-05  7.36e-11  2.20e-02  1.01e+09
 108   6.0733894e+03   6.0733888e+03  1.25e-05  1.96e-11  8.59e-03  2.64e+09
 109   6.0733895e+03   6.0733891e+03  6.71e-06  4.02e-12  5.86e-03  3.91e+09
 110   6.0733895e+03   6.0733892e+03  5.82e-06  2.71e-12  4.64e-03  5.03e+09
 111   6.0733896e+03   6.0733896e+03  4.96e-06  2.19e-13  2.47e-04  9.48e+10
 112   6.0733896e+03   6.0733896e+03  1.49e-06  1.07e-14  1.24e-05  1.89e+12
Barrier time = 450.16 sec. (1005192.55 ticks)

Primal crossover.
  Primal:  Fixing 957308 variables.
   957307 PMoves:  Infeasibility  3.14719729e-05  Objective  6.07338958e+03
   951087 PMoves:  Infeasibility  3.64893162e-05  Objective  6.07338958e+03
   944078 PMoves:  Infeasibility  6.38211833e-05  Objective  6.07338958e+03
   937634 PMoves:  Infeasibility  8.69692127e-05  Objective  6.07338958e+03
   930747 PMoves:  Infeasibility  9.63198623e-05  Objective  6.07338958e+03
   924699 PMoves:  Infeasibility  1.27350689e-04  Objective  6.07338958e+03
   918551 PMoves:  Infeasibility  1.68424578e-04  Objective  6.07338958e+03
   912384 PMoves:  Infeasibility  2.05204285e-04  Objective  6.07338958e+03
   904960 PMoves:  Infeasibility  2.33458923e-04  Objective  6.07338958e+03
   898329 PMoves:  Infeasibility  2.79226709e-04  Objective  6.07338958e+03
   889962 PMoves:  Infeasibility  3.30898710e-04  Objective  6.07338958e+03
   881801 PMoves:  Infeasibility  3.94859211e-04  Objective  6.07338958e+03
   871538 PMoves:  Infeasibility  4.82751493e-04  Objective  6.07338958e+03
   862430 PMoves:  Infeasibility  5.39807278e-04  Objective  6.07338958e+03
   855623 PMoves:  Infeasibility  5.65429168e-04  Objective  6.07338958e+03
   849303 PMoves:  Infeasibility  5.80657985e-04  Objective  6.07338958e+03
   798372 PMoves:  Infeasibility  5.55741336e-04  Objective  6.07338958e+03
   788697 PMoves:  Infeasibility  4.26046172e-04  Objective  6.07338958e+03
   779388 PMoves:  Infeasibility  2.23277448e-04  Objective  6.07338958e+03
   770453 PMoves:  Infeasibility  8.69471900e-05  Objective  6.07338958e+03
   723711 PMoves:  Infeasibility  4.89228762e-04  Objective  6.07338958e+03
   681469 PMoves:  Infeasibility  9.28408715e-04  Objective  6.07338958e+03
   598519 PMoves:  Infeasibility  9.77016847e-04  Objective  6.07338958e+03
   591178 PMoves:  Infeasibility  9.26683932e-04  Objective  6.07338958e+03
   582919 PMoves:  Infeasibility  9.71116158e-04  Objective  6.07338958e+03
   575871 PMoves:  Infeasibility  1.06294304e-03  Objective  6.07338958e+03
   568078 PMoves:  Infeasibility  1.03109658e-03  Objective  6.07338958e+03
   559188 PMoves:  Infeasibility  1.11172016e-03  Objective  6.07338958e+03
   552478 PMoves:  Infeasibility  1.19541674e-03  Objective  6.07338958e+03
   542878 PMoves:  Infeasibility  1.19832294e-03  Objective  6.07338958e+03
   533136 PMoves:  Infeasibility  1.31221659e-03  Objective  6.07338958e+03
   525491 PMoves:  Infeasibility  1.33526872e-03  Objective  6.07338958e+03
   515297 PMoves:  Infeasibility  1.48252012e-03  Objective  6.07338958e+03
   506249 PMoves:  Infeasibility  1.46049198e-03  Objective  6.07338958e+03
   496836 PMoves:  Infeasibility  1.51773489e-03  Objective  6.07338958e+03
   485903 PMoves:  Infeasibility  1.54412159e-03  Objective  6.07338958e+03
   484797 PMoves:  Infeasibility  1.54412159e-03  Objective  6.07338958e+03
   483693 PMoves:  Infeasibility  1.54412159e-03  Objective  6.07338958e+03
   482544 PMoves:  Infeasibility  1.54412159e-03  Objective  6.07338958e+03
   Elapsed crossover time = 7.95 sec. (10071.99 ticks, 482544 PMoves)
   481440 PMoves:  Infeasibility  1.54412159e-03  Objective  6.07338958e+03
   480109 PMoves:  Infeasibility  1.54412159e-03  Objective  6.07338958e+03
   479002 PMoves:  Infeasibility  1.54412159e-03  Objective  6.07338958e+03
   477598 PMoves:  Infeasibility  1.54412159e-03  Objective  6.07338958e+03
   476494 PMoves:  Infeasibility  1.54412159e-03  Objective  6.07338958e+03
   475062 PMoves:  Infeasibility  1.54412159e-03  Objective  6.07338958e+03
   473957 PMoves:  Infeasibility  1.54412159e-03  Objective  6.07338958e+03
   472508 PMoves:  Infeasibility  1.54412159e-03  Objective  6.07338958e+03
   471400 PMoves:  Infeasibility  1.54412159e-03  Objective  6.07338958e+03
   469944 PMoves:  Infeasibility  1.54412159e-03  Objective  6.07338958e+03
   468836 PMoves:  Infeasibility  1.54412159e-03  Objective  6.07338958e+03
   467371 PMoves:  Infeasibility  1.54412159e-03  Objective  6.07338958e+03
   466266 PMoves:  Infeasibility  1.54412159e-03  Objective  6.07338958e+03
   464802 PMoves:  Infeasibility  1.54412159e-03  Objective  6.07338958e+03
   463694 PMoves:  Infeasibility  1.54412159e-03  Objective  6.07338958e+03
   462353 PMoves:  Infeasibility  1.54412159e-03  Objective  6.07338958e+03
   461356 PMoves:  Infeasibility  1.54412180e-03  Objective  6.07338958e+03
   460248 PMoves:  Infeasibility  1.54425100e-03  Objective  6.07338958e+03
   459267 PMoves:  Infeasibility  1.54425101e-03  Objective  6.07338958e+03
   458001 PMoves:  Infeasibility  1.54425101e-03  Objective  6.07338958e+03
   457051 PMoves:  Infeasibility  1.54425101e-03  Objective  6.07338958e+03
   456180 PMoves:  Infeasibility  1.54425101e-03  Objective  6.07338958e+03
   455087 PMoves:  Infeasibility  1.54425101e-03  Objective  6.07338958e+03
   454105 PMoves:  Infeasibility  1.54425101e-03  Objective  6.07338958e+03
   452886 PMoves:  Infeasibility  1.54425101e-03  Objective  6.07338958e+03
   451931 PMoves:  Infeasibility  1.54425101e-03  Objective  6.07338958e+03
   451008 PMoves:  Infeasibility  1.54425101e-03  Objective  6.07338958e+03
   449921 PMoves:  Infeasibility  1.54425101e-03  Objective  6.07338958e+03
   448966 PMoves:  Infeasibility  1.54425101e-03  Objective  6.07338958e+03
   447803 PMoves:  Infeasibility  1.54425101e-03  Objective  6.07338958e+03
   446830 PMoves:  Infeasibility  1.54425101e-03  Objective  6.07338958e+03
   445878 PMoves:  Infeasibility  1.54425101e-03  Objective  6.07338958e+03
   444767 PMoves:  Infeasibility  1.54425101e-03  Objective  6.07338958e+03
   443843 PMoves:  Infeasibility  1.54425101e-03  Objective  6.07338958e+03
   442794 PMoves:  Infeasibility  1.54425101e-03  Objective  6.07338958e+03
   441902 PMoves:  Infeasibility  1.54425101e-03  Objective  6.07338958e+03
   440983 PMoves:  Infeasibility  1.54425101e-03  Objective  6.07338958e+03
   Elapsed crossover time = 16.05 sec. (20072.12 ticks, 400738 PMoves)
   390495 PMoves:  Infeasibility  1.56921316e-03  Objective  6.07338958e+03
   351397 PMoves:  Infeasibility  1.54063127e-03  Objective  6.07338958e+03
   334141 PMoves:  Infeasibility  1.47706980e-03  Objective  6.07338958e+03
   318527 PMoves:  Infeasibility  1.40245902e-03  Objective  6.07338958e+03
   304157 PMoves:  Infeasibility  1.33050992e-03  Objective  6.07338958e+03
   290024 PMoves:  Infeasibility  1.25458165e-03  Objective  6.07338958e+03
   277598 PMoves:  Infeasibility  1.18740201e-03  Objective  6.07338958e+03
   263599 PMoves:  Infeasibility  1.14984188e-03  Objective  6.07338958e+03
   177594 PMoves:  Infeasibility  1.09184287e-03  Objective  6.07338958e+03
   165170 PMoves:  Infeasibility  9.26561313e-04  Objective  6.07338958e+03
   154163 PMoves:  Infeasibility  8.31724416e-04  Objective  6.07338958e+03
   143421 PMoves:  Infeasibility  6.94802734e-04  Objective  6.07338958e+03
   133840 PMoves:  Infeasibility  6.10235825e-04  Objective  6.07338958e+03
   127148 PMoves:  Infeasibility  5.41530354e-04  Objective  6.07338958e+03
   118733 PMoves:  Infeasibility  4.41585796e-04  Objective  6.07338958e+03
   109817 PMoves:  Infeasibility  3.86463333e-04  Objective  6.07338958e+03
   101998 PMoves:  Infeasibility  2.60717783e-04  Objective  6.07338958e+03
    93584 PMoves:  Infeasibility  1.90261121e-04  Objective  6.07338958e+03
    84430 PMoves:  Infeasibility  1.12180056e-04  Objective  6.07338958e+03
    76991 PMoves:  Infeasibility  8.03369123e-05  Objective  6.07338958e+03
     2410 PMoves:  Infeasibility  5.97445464e-05  Objective  6.07338958e+03
      808 PMoves:  Infeasibility  2.17430240e-14  Objective  6.07338958e+03
        0 PMoves:  Infeasibility  1.20534504e-12  Objective  6.07338958e+03
  Primal:  Pushed 651618, exchanged 305690.
  Dual:  Fixing 59510 variables.
    59509 DMoves:  Infeasibility  0.00000000e+00  Objective  6.07338958e+03
    55506 DMoves:  Infeasibility  0.00000000e+00  Objective  6.07338958e+03
    53129 DMoves:  Infeasibility  0.00000000e+00  Objective  6.07338958e+03
    51511 DMoves:  Infeasibility  0.00000000e+00  Objective  6.07338958e+03
    48888 DMoves:  Infeasibility  0.00000000e+00  Objective  6.07338958e+03
    47341 DMoves:  Infeasibility  0.00000000e+00  Objective  6.07338958e+03
    46327 DMoves:  Infeasibility  0.00000000e+00  Objective  6.07338958e+03
    41850 DMoves:  Infeasibility  0.00000000e+00  Objective  6.07338958e+03
    39757 DMoves:  Infeasibility  0.00000000e+00  Objective  6.07338958e+03
    36669 DMoves:  Infeasibility  0.00000000e+00  Objective  6.07338958e+03
    34203 DMoves:  Infeasibility  0.00000000e+00  Objective  6.07338958e+03
    31803 DMoves:  Infeasibility  0.00000000e+00  Objective  6.07338958e+03
    29154 DMoves:  Infeasibility  0.00000000e+00  Objective  6.07338958e+03
    26584 DMoves:  Infeasibility  9.10504576e-07  Objective  6.07338958e+03
    23840 DMoves:  Infeasibility  0.00000000e+00  Objective  6.07338958e+03
    21819 DMoves:  Infeasibility  1.59902720e-06  Objective  6.07338958e+03
    19726 DMoves:  Infeasibility  2.42247427e-06  Objective  6.07338958e+03
    17859 DMoves:  Infeasibility  2.45772171e-06  Objective  6.07338958e+03
    15921 DMoves:  Infeasibility  3.06954286e-06  Objective  6.07338958e+03
    14093 DMoves:  Infeasibility  2.65085223e-06  Objective  6.07338958e+03
    12351 DMoves:  Infeasibility  2.51973915e-06  Objective  6.07338958e+03
    10476 DMoves:  Infeasibility  1.17950698e-06  Objective  6.07338958e+03
     8533 DMoves:  Infeasibility  9.21066466e-07  Objective  6.07338958e+03
     6708 DMoves:  Infeasibility  1.32929349e-06  Objective  6.07338958e+03
     5057 DMoves:  Infeasibility  1.32929349e-06  Objective  6.07338958e+03
     3479 DMoves:  Infeasibility  3.78169718e-16  Objective  6.07338958e+03
     1767 DMoves:  Infeasibility  1.42619459e-07  Objective  6.07338958e+03
        0 DMoves:  Infeasibility  8.89250425e-15  Objective  6.07338958e+03
  Dual:  Pushed 29801, exchanged 29709.
Using devex.

Iteration log . . .
Iteration:     1    Objective     =          6073.389576
Total crossover time = 73.95 sec. (57221.53 ticks)

Total time on 1 threads = 567.84 sec. (1097438.08 ticks)
LP status(1): optimal
Cplex Time: 567.95sec (det. 1097536.61 ticks)

Optimal solution found.
Simplex iterations after crossover:  57

Objective :        6073.389576

--- Restarting execution
--- MELI.gms(687) 5284 Mb
--- Reading solution for model MELI
--- MELI.gms(687) 5284 Mb  9 secs
--- GDX Point C:\GAMS\win64\30.3\models\MELI\MELI_p2.gdx
--- Executing after solve: elapsed 0:34:26.947
--- MELI.gms(687) 5284 Mb  9 secs
--- MELI.gms(604) 5284 Mb  19 secs
--- Generating LP model MELI
--- MELI.gms(538) 5419 Mb  6 secs
--- MELI.gms(547) 9630 Mb  16 secs
--- MELI.gms(548) 11000 Mb  21 secs
--- MELI.gms(558) 11000 Mb  335 secs
--- MELI.gms(561) 11701 Mb  15 secs
--- MELI.gms(562) 12149 Mb  4 secs
--- MELI.gms(563) 12463 Mb  4 secs
--- MELI.gms(564) 12777 Mb  4 secs
--- MELI.gms(578) 12798 Mb  6 secs
--- MELI.gms(687) 12799 Mb  50 secs
--- LOOPS s = User-def
---   34,436,093 rows  15,311,329 columns  102,251,781 non-zeroes
--- Executing CPLEX: elapsed 0:42:50.998
--- MELI.gms(687) 12799 Mb  65 secs

IBM ILOG CPLEX   30.3.0 rc5da09e Released Mar 06, 2020 WEI x86 64bit/MS Window
--- GAMS/Cplex licensed for continuous and discrete problems.
Cplex 12.10.0.0

Reading parameter(s) from "C:\GAMS\win64\30.3\models\MELI\cplex.opt"
>>  nodefileind 2
>>  workmem 1000
>>  names no
>>  lpmethod=4
>>  *perind=1
>>  *threads 5
>>  *nodesel 2
>>  *varsel 3
>>  *tuning tuning-result.txt
Finished reading from "C:\GAMS\win64\30.3\models\MELI\cplex.opt"
Reading data...
Starting Cplex...
Version identifier: 12.10.0.0 | 2019-11-26 | 843d4de2ae
CPXPARAM_Advance                                 0
CPXPARAM_LPMethod                                4
CPXPARAM_Threads                                 1
CPXPARAM_Parallel                                1
CPXPARAM_MIP_Strategy_File                       2
CPXPARAM_Barrier_Limits_Iteration                2000000000
CPXPARAM_TimeLimit                               28800
CPXPARAM_WorkMem                                 1000
CPXPARAM_Tune_TimeLimit                          5760
Aggregator has done 7501 substitutions...
Tried aggregator 1 time.
DUAL formed by presolve
Aggregator has done 92627 substitutions...
LP Presolve eliminated 32821934 rows and 14542304 columns.
Aggregator did 92627 substitutions.
Reduced LP has 676398 rows, 1596669 columns, and 4992257 nonzeros.
Presolve time = 39.33 sec. (34056.52 ticks)
Parallel mode: none, using 1 thread for barrier

***NOTE: Found 3 dense columns.

Number of nonzeros in lower triangle of A*A' = 8903529
Using Nested Dissection ordering
Total time for automatic ordering = 6.47 sec. (4914.61 ticks)
Summary statistics for Cholesky factor:
  Rows in Factor            = 676401
  Integer space required    = 4760544
  Total non-zeros in factor = 87595920
  Total FP ops to factor    = 27585733838
 Itn      Primal Obj        Dual Obj  Prim Inf Upper Inf  Dual Inf Inf Ratio
   0  -4.0879143e+06   3.3934760e+06  2.89e+07  5.79e+03  2.05e+09  1.00e+00
   1  -4.5274573e+06   2.2646002e+06  1.91e+07  3.82e+03  1.79e+09  7.77e-04
   2  -4.7123073e+06  -6.3944836e+05  1.04e+07  2.09e+03  1.07e+09  3.25e-04
   3  -4.2678688e+06  -2.3861540e+06  2.47e+06  4.94e+02  5.34e+08  4.28e-04
   4  -2.7165643e+06  -2.3625512e+06  4.64e+05  9.28e+01  8.73e+07  8.56e-03
   5  -6.9903875e+05  -9.0649611e+05  5.70e+04  1.14e+01  2.20e+07  2.30e-02
   6  -1.7561527e+05  -6.5066547e+05  7.36e+03  1.47e+00  1.50e+07  6.14e-02
   7  -9.2851153e+04  -3.5195884e+05  2.03e+03  4.06e-01  7.41e+06  1.58e-01
   8  -6.7101396e+04  -1.9089825e+05  1.40e+03  2.81e-01  3.93e+06  3.20e-01
   9  -6.4844610e+04  -1.6235479e+05  1.36e+03  2.72e-01  3.36e+06  3.60e-01
  10  -4.5826147e+04  -8.9927564e+04  1.03e+03  2.06e-01  1.97e+06  6.04e-01
  11  -4.4983374e+04  -8.1014661e+04  1.01e+03  2.03e-01  1.81e+06  6.40e-01
  12  -2.9371552e+04  -3.9349469e+04  7.60e+02  1.52e-01  1.04e+06  1.06e+00
  13  -8.4283963e+03  -2.7359448e+04  3.94e+02  7.89e-02  8.09e+05  1.54e+00
  14  -4.9855342e+03  -1.9061782e+04  3.06e+02  6.13e-02  6.14e+05  2.08e+00
  15  -3.3252365e+02  -1.1437989e+04  1.63e+02  3.27e-02  4.19e+05  3.36e+00
  16   2.1709631e+02  -7.7757520e+03  1.52e+02  3.04e-02  3.38e+05  4.25e+00
  17   1.4378685e+03  -4.9974243e+03  1.26e+02  2.52e-02  2.76e+05  5.41e+00
  18   2.1051822e+03  -1.6115100e+03  1.11e+02  2.22e-02  1.99e+05  7.87e+00
  19   3.2337933e+03   2.0551969e+02  8.68e+01  1.74e-02  1.58e+05  1.05e+01
  20   3.6152309e+03   1.6192310e+03  7.92e+01  1.58e-02  1.28e+05  1.36e+01
  21   3.6155976e+03   1.9538341e+03  7.91e+01  1.58e-02  1.17e+05  1.50e+01
  22   3.9983263e+03   2.9151705e+03  7.08e+01  1.42e-02  9.54e+04  1.91e+01
  23   4.0026204e+03   3.0149406e+03  7.07e+01  1.41e-02  9.34e+04  1.95e+01
  24   4.8205397e+03   4.1627526e+03  5.20e+01  1.04e-02  6.72e+04  2.94e+01
  25   5.3237181e+03   4.5507576e+03  4.14e+01  8.27e-03  5.88e+04  3.49e+01
  26   5.6001137e+03   4.7005056e+03  3.46e+01  6.93e-03  5.52e+04  3.81e+01
  27   5.9349441e+03   5.3309110e+03  2.62e+01  5.23e-03  3.99e+04  5.77e+01
  28   6.2607928e+03   5.6490561e+03  1.83e+01  3.66e-03  3.24e+04  7.57e+01
  29   6.4170833e+03   5.8464778e+03  1.43e+01  2.86e-03  2.75e+04  9.30e+01
  30   6.5615434e+03   6.0195002e+03  1.11e+01  2.22e-03  2.36e+04  1.13e+02
  31   6.6872166e+03   6.1775638e+03  8.02e+00  1.60e-03  1.99e+04  1.42e+02
  32   6.7525491e+03   6.3098081e+03  6.68e+00  1.34e-03  1.70e+04  1.74e+02
  33   6.8265340e+03   6.4892809e+03  5.21e+00  1.04e-03  1.30e+04  2.45e+02
  34   6.8650868e+03   6.5478532e+03  4.44e+00  8.88e-04  1.18e+04  2.79e+02
  35   6.9001082e+03   6.5981806e+03  3.74e+00  7.48e-04  1.07e+04  3.16e+02
  36   6.9261609e+03   6.6487215e+03  3.22e+00  6.45e-04  9.57e+03  3.63e+02
  37   6.9431835e+03   6.7030102e+03  2.92e+00  5.84e-04  8.44e+03  4.26e+02
  38   6.9711970e+03   6.7110991e+03  2.47e+00  4.94e-04  8.28e+03  4.37e+02
  39   6.9850784e+03   6.7210949e+03  2.24e+00  4.48e-04  8.07e+03  4.51e+02
  40   7.0021271e+03   6.7457155e+03  1.95e+00  3.90e-04  7.57e+03  4.88e+02
  41   7.0103914e+03   6.7502237e+03  1.82e+00  3.64e-04  7.48e+03  4.96e+02
  42   7.0139323e+03   6.7509321e+03  1.76e+00  3.53e-04  7.47e+03  4.97e+02
  43   7.0182243e+03   6.7512353e+03  1.70e+00  3.39e-04  7.46e+03  4.98e+02
  44   7.0286492e+03   6.7754070e+03  1.53e+00  3.07e-04  6.98e+03  5.41e+02
  45   7.0320627e+03   6.7769570e+03  1.48e+00  2.95e-04  6.95e+03  5.44e+02
  46   7.0453709e+03   6.8112946e+03  1.25e+00  2.51e-04  6.25e+03  6.20e+02
  47   7.0629222e+03   6.8403917e+03  9.94e-01  1.99e-04  5.68e+03  6.98e+02
  48   7.0789294e+03   6.8476000e+03  7.68e-01  1.54e-04  5.54e+03  7.16e+02
  49   7.0913803e+03   6.8589933e+03  5.89e-01  1.18e-04  5.32e+03  7.48e+02
  50   7.0985408e+03   6.8935196e+03  4.97e-01  9.94e-05  4.66e+03  8.84e+02
  51   7.1069370e+03   6.9007724e+03  4.06e-01  8.12e-05  4.53e+03  9.14e+02
  52   7.1148174e+03   6.9070459e+03  3.29e-01  6.57e-05  4.41e+03  9.42e+02
  53   7.1209167e+03   6.9287876e+03  2.55e-01  5.10e-05  4.00e+03  1.06e+03
  54   7.1253881e+03   6.9503507e+03  2.14e-01  4.28e-05  3.61e+03  1.20e+03
  55   7.1306662e+03   6.9726377e+03  1.74e-01  3.48e-05  3.21e+03  1.38e+03
  56   7.1371046e+03   6.9944765e+03  1.35e-01  2.71e-05  2.84e+03  1.61e+03
  57   7.1398492e+03   7.0026582e+03  1.20e-01  2.41e-05  2.70e+03  1.71e+03
  58   7.1448464e+03   7.0236454e+03  9.75e-02  1.95e-05  2.35e+03  2.04e+03
  59   7.1488498e+03   7.0332043e+03  8.04e-02  1.61e-05  2.20e+03  2.21e+03
  60   7.1514468e+03   7.0436511e+03  7.04e-02  1.41e-05  2.03e+03  2.44e+03
  61   7.1547394e+03   7.0602376e+03  5.96e-02  1.19e-05  1.77e+03  2.89e+03
  62   7.1565226e+03   7.0745355e+03  5.48e-02  1.10e-05  1.55e+03  3.42e+03
  63   7.1593963e+03   7.0871571e+03  4.78e-02  9.56e-06  1.36e+03  4.01e+03
  64   7.1617218e+03   7.0940726e+03  4.23e-02  8.47e-06  1.26e+03  4.41e+03
  65   7.1633115e+03   7.0990559e+03  3.89e-02  7.78e-06  1.19e+03  4.74e+03
  66   7.1660184e+03   7.1119886e+03  3.36e-02  6.71e-06  1.01e+03  5.86e+03
  67   7.1682075e+03   7.1161056e+03  2.99e-02  5.98e-06  9.51e+02  6.28e+03
  68   7.1715872e+03   7.1309904e+03  2.42e-02  4.84e-06  7.48e+02  8.51e+03
  69   7.1734340e+03   7.1346260e+03  2.14e-02  4.28e-06  7.00e+02  9.22e+03
  70   7.1763281e+03   7.1428730e+03  1.71e-02  3.41e-06  5.92e+02  1.14e+04
  71   7.1788311e+03   7.1496843e+03  1.35e-02  2.70e-06  5.03e+02  1.39e+04
  72   7.1804346e+03   7.1537308e+03  1.12e-02  2.25e-06  4.50e+02  1.59e+04
  73   7.1818628e+03   7.1568656e+03  9.25e-03  1.85e-06  4.10e+02  1.78e+04
  74   7.1826513e+03   7.1588439e+03  8.13e-03  1.63e-06  3.84e+02  1.93e+04
  75   7.1834535e+03   7.1618506e+03  7.02e-03  1.41e-06  3.45e+02  2.20e+04
  76   7.1841784e+03   7.1628676e+03  6.06e-03  1.21e-06  3.32e+02  2.30e+04
  77   7.1850738e+03   7.1665610e+03  4.87e-03  9.75e-07  2.85e+02  2.78e+04
  78   7.1856303e+03   7.1682307e+03  4.16e-03  8.33e-07  2.63e+02  3.06e+04
  79   7.1860736e+03   7.1727352e+03  3.64e-03  7.28e-07  2.07e+02  4.14e+04
  80   7.1864907e+03   7.1735958e+03  3.18e-03  6.35e-07  1.96e+02  4.42e+04
  81   7.1869954e+03   7.1779393e+03  2.66e-03  5.31e-07  1.43e+02  6.57e+04
  82   7.1872254e+03   7.1805609e+03  2.46e-03  4.92e-07  1.12e+02  8.84e+04
  83   7.1874813e+03   7.1820093e+03  2.26e-03  4.52e-07  9.55e+01  1.07e+05
  84   7.1876712e+03   7.1826324e+03  2.12e-03  4.23e-07  8.84e+01  1.17e+05
  85   7.1879013e+03   7.1833532e+03  1.94e-03  3.87e-07  8.02e+01  1.31e+05
  86   7.1881711e+03   7.1840513e+03  1.73e-03  3.45e-07  7.22e+01  1.49e+05
  87   7.1883707e+03   7.1857232e+03  1.57e-03  3.14e-07  5.31e+01  2.14e+05
  88   7.1885578e+03   7.1863051e+03  1.43e-03  2.86e-07  4.66e+01  2.49e+05
  89   7.1887709e+03   7.1868822e+03  1.27e-03  2.54e-07  4.02e+01  2.95e+05
  90   7.1888922e+03   7.1876195e+03  1.19e-03  2.37e-07  3.20e+01  3.83e+05
  91   7.1890260e+03   7.1878251e+03  1.09e-03  2.17e-07  2.97e+01  4.15e+05
  92   7.1891671e+03   7.1881443e+03  9.80e-04  1.95e-07  2.61e+01  4.80e+05
  93   7.1892306e+03   7.1882259e+03  9.32e-04  1.86e-07  2.52e+01  4.99e+05
  94   7.1893719e+03   7.1886323e+03  8.24e-04  1.64e-07  2.06e+01  6.25e+05
  95   7.1895093e+03   7.1888804e+03  7.19e-04  1.43e-07  1.77e+01  7.34e+05
  96   7.1895983e+03   7.1891106e+03  6.49e-04  1.29e-07  1.51e+01  8.77e+05
  97   7.1896638e+03   7.1892374e+03  5.95e-04  1.18e-07  1.36e+01  9.82e+05
  98   7.1897133e+03   7.1892944e+03  5.55e-04  1.10e-07  1.29e+01  1.04e+06
  99   7.1897863e+03   7.1895855e+03  4.96e-04  9.82e-08  9.49e+00  1.45e+06
 100   7.1898047e+03   7.1896039e+03  4.81e-04  9.52e-08  9.27e+00  1.48e+06
 101   7.1898420e+03   7.1897107e+03  4.51e-04  8.92e-08  8.02e+00  1.72e+06
 102   7.1899294e+03   7.1898281e+03  3.82e-04  7.51e-08  6.64e+00  2.09e+06
 103   7.1899331e+03   7.1898823e+03  3.79e-04  7.45e-08  6.00e+00  2.32e+06
 104   7.1899879e+03   7.1899523e+03  3.36e-04  6.55e-08  5.16e+00  2.69e+06
 105   7.1900435e+03   7.1900386e+03  2.89e-04  5.61e-08  4.11e+00  3.38e+06
 106   7.1900641e+03   7.1900919e+03  2.71e-04  5.26e-08  3.46e+00  4.00e+06
 107   7.1901549e+03   7.1901336e+03  2.00e-04  3.69e-08  2.94e+00  4.68e+06
 108   7.1901728e+03   7.1901440e+03  1.82e-04  3.36e-08  2.80e+00  4.91e+06
 109   7.1901921e+03   7.1901951e+03  1.63e-04  2.99e-08  2.10e+00  6.59e+06
 110   7.1902266e+03   7.1902184e+03  1.32e-04  2.33e-08  1.78e+00  7.74e+06
 111   7.1902630e+03   7.1902845e+03  9.41e-05  1.60e-08  8.36e-01  1.65e+07
 112   7.1902682e+03   7.1902915e+03  8.93e-05  1.50e-08  7.33e-01  1.86e+07
 113   7.1902859e+03   7.1902977e+03  7.97e-05  1.13e-08  6.40e-01  2.11e+07
 114   7.1902950e+03   7.1903023e+03  7.23e-05  9.29e-09  5.67e-01  2.37e+07
 115   7.1903212e+03   7.1903100e+03  4.50e-05  3.31e-09  4.36e-01  3.06e+07
 116   7.1903225e+03   7.1903115e+03  4.69e-05  2.87e-09  4.06e-01  3.29e+07
 117   7.1903243e+03   7.1903200e+03  3.86e-05  2.23e-09  2.25e-01  6.25e+07
 118   7.1903286e+03   7.1903209e+03  6.69e-05  9.56e-10  2.07e-01  6.79e+07
 119   7.1903291e+03   7.1903224e+03  5.78e-05  7.52e-10  1.78e-01  8.02e+07
 120   7.1903291e+03   7.1903225e+03  5.84e-05  7.39e-10  1.74e-01  8.20e+07
 121   7.1903301e+03   7.1903242e+03  4.89e-05  3.91e-10  1.40e-01  1.03e+08
 122   7.1903301e+03   7.1903247e+03  4.87e-05  3.75e-10  1.31e-01  1.11e+08
 123   7.1903310e+03   7.1903278e+03  2.86e-05  1.21e-10  6.97e-02  2.23e+08
 124   7.1903317e+03   7.1903317e+03  1.19e-05  3.75e-11  6.42e-03  2.51e+09
 125   7.1903321e+03   7.1903321e+03  2.99e-06  3.28e-12  3.40e-04  4.75e+10
 126   7.1903321e+03   7.1903321e+03  5.35e-06  2.53e-13  1.70e-05  9.47e+11
Barrier time = 531.78 sec. (1126959.80 ticks)

Primal crossover.
  Primal:  Fixing 1026464 variables.
   1026463 PMoves:  Infeasibility  3.01085352e-02  Objective  7.19033215e+03
   1021630 PMoves:  Infeasibility  3.01110121e-02  Objective  7.19033215e+03
   1014585 PMoves:  Infeasibility  3.01401108e-02  Objective  7.19033215e+03
   1008517 PMoves:  Infeasibility  3.01723989e-02  Objective  7.19033215e+03
   1001933 PMoves:  Infeasibility  3.01974141e-02  Objective  7.19033215e+03
   996128 PMoves:  Infeasibility  3.02200533e-02  Objective  7.19033215e+03
   990259 PMoves:  Infeasibility  3.02537220e-02  Objective  7.19033215e+03
   982073 PMoves:  Infeasibility  3.03161684e-02  Objective  7.19033215e+03
   977028 PMoves:  Infeasibility  3.03286463e-02  Objective  7.19033215e+03
   969797 PMoves:  Infeasibility  3.03784731e-02  Objective  7.19033215e+03
   960658 PMoves:  Infeasibility  3.04609358e-02  Objective  7.19033215e+03
   953614 PMoves:  Infeasibility  2.06789636e-02  Objective  7.19033215e+03
   943712 PMoves:  Infeasibility  5.06907575e-04  Objective  7.19033215e+03
   932038 PMoves:  Infeasibility  5.57692226e-04  Objective  7.19033215e+03
   924862 PMoves:  Infeasibility  5.77971305e-04  Objective  7.19033215e+03
   899600 PMoves:  Infeasibility  6.31216774e-04  Objective  7.19033215e+03
   863795 PMoves:  Infeasibility  6.94322002e-04  Objective  7.19033215e+03
   854993 PMoves:  Infeasibility  5.97209027e-04  Objective  7.19033215e+03
   846147 PMoves:  Infeasibility  4.63352470e-04  Objective  7.19033215e+03
   837765 PMoves:  Infeasibility  3.14666387e-04  Objective  7.19033215e+03
   829415 PMoves:  Infeasibility  2.27303703e-04  Objective  7.19033215e+03
   799381 PMoves:  Infeasibility  4.10740944e-04  Objective  7.19033215e+03
   743661 PMoves:  Infeasibility  8.78234130e-04  Objective  7.19033195e+03
   677574 PMoves:  Infeasibility  8.90312257e-04  Objective  7.19033192e+03
   668967 PMoves:  Infeasibility  8.80568292e-04  Objective  7.19033192e+03
   659245 PMoves:  Infeasibility  9.74395640e-04  Objective  7.19033192e+03
   652284 PMoves:  Infeasibility  9.63290914e-04  Objective  7.19033192e+03
   642358 PMoves:  Infeasibility  1.03926505e-03  Objective  7.19033192e+03
   633898 PMoves:  Infeasibility  1.11734900e-03  Objective  7.19033192e+03
   624589 PMoves:  Infeasibility  1.13065464e-03  Objective  7.19033192e+03
   613958 PMoves:  Infeasibility  1.19311079e-03  Objective  7.19033192e+03
   605564 PMoves:  Infeasibility  1.23039540e-03  Objective  7.19033192e+03
   595185 PMoves:  Infeasibility  1.33814203e-03  Objective  7.19033192e+03
   585864 PMoves:  Infeasibility  1.32010997e-03  Objective  7.19033192e+03
   577487 PMoves:  Infeasibility  1.29549385e-03  Objective  7.19033192e+03
   568928 PMoves:  Infeasibility  1.28320799e-03  Objective  7.19033209e+03
   567826 PMoves:  Infeasibility  1.28320799e-03  Objective  7.19033209e+03
   566723 PMoves:  Infeasibility  1.28320799e-03  Objective  7.19033209e+03
   565551 PMoves:  Infeasibility  1.28320799e-03  Objective  7.19033209e+03
   564448 PMoves:  Infeasibility  1.28320799e-03  Objective  7.19033209e+03
   563107 PMoves:  Infeasibility  1.28320799e-03  Objective  7.19033209e+03
   562004 PMoves:  Infeasibility  1.28320799e-03  Objective  7.19033209e+03
   560597 PMoves:  Infeasibility  1.28320799e-03  Objective  7.19033209e+03
   Elapsed crossover time = 9.48 sec. (10058.98 ticks, 560597 PMoves)
   559494 PMoves:  Infeasibility  1.28320799e-03  Objective  7.19033209e+03
   558056 PMoves:  Infeasibility  1.28320799e-03  Objective  7.19033209e+03
   556953 PMoves:  Infeasibility  1.28320799e-03  Objective  7.19033209e+03
   555503 PMoves:  Infeasibility  1.28320799e-03  Objective  7.19033209e+03
   554400 PMoves:  Infeasibility  1.28320799e-03  Objective  7.19033209e+03
   552941 PMoves:  Infeasibility  1.28320799e-03  Objective  7.19033209e+03
   551837 PMoves:  Infeasibility  1.28320799e-03  Objective  7.19033209e+03
   550375 PMoves:  Infeasibility  1.28320799e-03  Objective  7.19033209e+03
   549271 PMoves:  Infeasibility  1.28320799e-03  Objective  7.19033209e+03
   547804 PMoves:  Infeasibility  1.28320799e-03  Objective  7.19033209e+03
   546700 PMoves:  Infeasibility  1.28320799e-03  Objective  7.19033209e+03
   545375 PMoves:  Infeasibility  1.28320799e-03  Objective  7.19033209e+03
   544409 PMoves:  Infeasibility  1.28421904e-03  Objective  7.19033209e+03
   543162 PMoves:  Infeasibility  1.28421921e-03  Objective  7.19033209e+03
   541997 PMoves:  Infeasibility  1.28421921e-03  Objective  7.19033209e+03
   540481 PMoves:  Infeasibility  1.28421921e-03  Objective  7.19033209e+03
   539383 PMoves:  Infeasibility  1.28421921e-03  Objective  7.19033209e+03
   538082 PMoves:  Infeasibility  1.28421921e-03  Objective  7.19033209e+03
   537149 PMoves:  Infeasibility  1.28421922e-03  Objective  7.19033209e+03
   536218 PMoves:  Infeasibility  1.28421922e-03  Objective  7.19033209e+03
   534988 PMoves:  Infeasibility  1.28421922e-03  Objective  7.19033209e+03
   533869 PMoves:  Infeasibility  1.28421922e-03  Objective  7.19033209e+03
   532623 PMoves:  Infeasibility  1.28421921e-03  Objective  7.19033209e+03
   531500 PMoves:  Infeasibility  1.28421921e-03  Objective  7.19033209e+03
   530217 PMoves:  Infeasibility  1.28421921e-03  Objective  7.19033209e+03
   529284 PMoves:  Infeasibility  1.28421922e-03  Objective  7.19033209e+03
   528355 PMoves:  Infeasibility  1.28421922e-03  Objective  7.19033209e+03
   527174 PMoves:  Infeasibility  1.28421921e-03  Objective  7.19033209e+03
   526080 PMoves:  Infeasibility  1.28421921e-03  Objective  7.19033209e+03
   524758 PMoves:  Infeasibility  1.28421921e-03  Objective  7.19033209e+03
   523663 PMoves:  Infeasibility  1.28421921e-03  Objective  7.19033209e+03
   522355 PMoves:  Infeasibility  1.28421921e-03  Objective  7.19033209e+03
   521363 PMoves:  Infeasibility  1.28421921e-03  Objective  7.19033209e+03
   520429 PMoves:  Infeasibility  1.28628444e-03  Objective  7.19033209e+03
   519236 PMoves:  Infeasibility  1.28825162e-03  Objective  7.19033209e+03
   517917 PMoves:  Infeasibility  1.28852432e-03  Objective  7.19033209e+03
   516860 PMoves:  Infeasibility  1.29073215e-03  Objective  7.19033209e+03
   515747 PMoves:  Infeasibility  1.29073215e-03  Objective  7.19033209e+03
   514432 PMoves:  Infeasibility  1.29073215e-03  Objective  7.19033209e+03
   513438 PMoves:  Infeasibility  1.29073215e-03  Objective  7.19033209e+03
   512452 PMoves:  Infeasibility  1.29073215e-03  Objective  7.19033209e+03
   511562 PMoves:  Infeasibility  1.29073215e-03  Objective  7.19033209e+03
   509901 PMoves:  Infeasibility  1.29103086e-03  Objective  7.19033209e+03
   508388 PMoves:  Infeasibility  1.29110946e-03  Objective  7.19033209e+03
   396518 PMoves:  Infeasibility  1.29808586e-03  Objective  7.19033209e+03
   384202 PMoves:  Infeasibility  1.30819569e-03  Objective  7.19033209e+03
   370019 PMoves:  Infeasibility  1.29250727e-03  Objective  7.19033209e+03
   357711 PMoves:  Infeasibility  1.23277943e-03  Objective  7.19033209e+03
   344490 PMoves:  Infeasibility  1.21590165e-03  Objective  7.19033209e+03
   Elapsed crossover time = 21.53 sec. (20058.99 ticks, 334378 PMoves)
   331904 PMoves:  Infeasibility  1.19191153e-03  Objective  7.19033209e+03
   318831 PMoves:  Infeasibility  1.13580106e-03  Objective  7.19033209e+03
   308680 PMoves:  Infeasibility  1.16303081e-03  Objective  7.19033209e+03
   195395 PMoves:  Infeasibility  1.09746623e-03  Objective  7.19033209e+03
   187097 PMoves:  Infeasibility  9.67194699e-04  Objective  7.19033209e+03
   177667 PMoves:  Infeasibility  8.67055169e-04  Objective  7.19033209e+03
   169737 PMoves:  Infeasibility  7.73239020e-04  Objective  7.19033209e+03
   162237 PMoves:  Infeasibility  6.66433250e-04  Objective  7.19033209e+03
   152903 PMoves:  Infeasibility  5.67423076e-04  Objective  7.19033209e+03
   146112 PMoves:  Infeasibility  4.84519240e-04  Objective  7.19033209e+03
   139288 PMoves:  Infeasibility  3.92607042e-04  Objective  7.19033209e+03
   131171 PMoves:  Infeasibility  3.09134765e-04  Objective  7.19033209e+03
   123675 PMoves:  Infeasibility  1.60517799e-04  Objective  7.19033209e+03
   115092 PMoves:  Infeasibility  8.40165393e-05  Objective  7.19033209e+03
   108318 PMoves:  Infeasibility  2.68853220e-05  Objective  7.19033209e+03
     3221 PMoves:  Infeasibility  6.99788084e-06  Objective  7.19033209e+03
     1194 PMoves:  Infeasibility  6.52030762e-06  Objective  7.19033209e+03
        0 PMoves:  Infeasibility  4.99016805e-13  Objective  7.19033209e+03
  Primal:  Pushed 702388, exchanged 324076.
  Dual:  Fixing 70493 variables.
    70492 DMoves:  Infeasibility  3.66373598e-15  Objective  7.19033209e+03
    65815 DMoves:  Infeasibility  3.66373598e-15  Objective  7.19033209e+03
    63877 DMoves:  Infeasibility  3.66373598e-15  Objective  7.19033209e+03
    61165 DMoves:  Infeasibility  3.66373598e-15  Objective  7.19033209e+03
    57877 DMoves:  Infeasibility  3.66373598e-15  Objective  7.19033209e+03
    57129 DMoves:  Infeasibility  3.66373598e-15  Objective  7.19033209e+03
    54413 DMoves:  Infeasibility  3.66373598e-15  Objective  7.19033209e+03
    52856 DMoves:  Infeasibility  3.66373598e-15  Objective  7.19033209e+03
    49860 DMoves:  Infeasibility  3.66373598e-15  Objective  7.19033209e+03
    47335 DMoves:  Infeasibility  3.66373598e-15  Objective  7.19033209e+03
    45580 DMoves:  Infeasibility  3.66373598e-15  Objective  7.19033209e+03
    40777 DMoves:  Infeasibility  3.66373598e-15  Objective  7.19033209e+03
    37983 DMoves:  Infeasibility  3.66373598e-15  Objective  7.19033209e+03
    35988 DMoves:  Infeasibility  3.66373598e-15  Objective  7.19033209e+03
    34002 DMoves:  Infeasibility  3.66373598e-15  Objective  7.19033209e+03
    31610 DMoves:  Infeasibility  3.66373598e-15  Objective  7.19033209e+03
    29575 DMoves:  Infeasibility  3.66373598e-15  Objective  7.19033209e+03
    27500 DMoves:  Infeasibility  3.66373598e-15  Objective  7.19033209e+03
    25854 DMoves:  Infeasibility  3.66373598e-15  Objective  7.19033209e+03
    23955 DMoves:  Infeasibility  3.66373598e-15  Objective  7.19033209e+03
    21904 DMoves:  Infeasibility  8.35794218e-07  Objective  7.19033209e+03
    20095 DMoves:  Infeasibility  3.66373598e-15  Objective  7.19033209e+03
    18374 DMoves:  Infeasibility  3.66373598e-15  Objective  7.19033209e+03
    16542 DMoves:  Infeasibility  3.66373598e-15  Objective  7.19033209e+03
    14714 DMoves:  Infeasibility  3.66373598e-15  Objective  7.19033209e+03
    12783 DMoves:  Infeasibility  3.88578059e-15  Objective  7.19033209e+03
    10800 DMoves:  Infeasibility  4.10782519e-15  Objective  7.19033209e+03
     8942 DMoves:  Infeasibility  4.32986980e-15  Objective  7.19033209e+03
     7096 DMoves:  Infeasibility  5.10702591e-15  Objective  7.19033209e+03
     4917 DMoves:  Infeasibility  5.66213743e-15  Objective  7.19033209e+03
     3246 DMoves:  Infeasibility  5.99520433e-15  Objective  7.19033209e+03
     1566 DMoves:  Infeasibility  6.43929354e-15  Objective  7.19033209e+03
        0 DMoves:  Infeasibility  1.02845250e-14  Objective  7.19033209e+03
  Dual:  Pushed 35834, exchanged 34659.
Using devex.

Iteration log . . .
Iteration:     1    Objective     =          7190.332092
Total crossover time = 83.52 sec. (56586.96 ticks)

Total time on 1 threads = 657.03 sec. (1218570.75 ticks)
LP status(1): optimal
Cplex Time: 657.17sec (det. 1218669.27 ticks)

Optimal solution found.
Simplex iterations after crossover:  56

Objective :        7190.332092

--- Restarting execution
--- MELI.gms(687) 5291 Mb
--- Reading solution for model MELI
--- MELI.gms(687) 5291 Mb  12 secs
--- GDX Point C:\GAMS\win64\30.3\models\MELI\MELI_p3.gdx
--- Executing after solve: elapsed 0:55:18.478
--- MELI.gms(604) 5292 Mb  21 secs
--- MELI.gms(925) 5292 Mb
--- GDX File C:\GAMS\win64\30.3\models\MELI\GdxFiles\Results.gdx
--- MELI.gms(956) 5292 Mb
--- MELI.gms(957) 5292 Mb

GDXXRW           30.3.0 rc5da09e Released Mar 06, 2020 WEI x86 64bit/MS Window
Input file : C:\GAMS\win64\30.3\models\MELI\GdxFiles\Results.gdx
Output file: C:\GAMS\win64\30.3\models\MELI\Results\Results.xlsx
Total time = 9562 Ms
--- MELI.gms(961) 5292 Mb
--- MELI.gms(962) 5292 Mb
"$call" no se reconoce como un comando interno o externo,
programa o archivo por lotes ejecutable.
--- MELI.gms(963) 5292 Mb
"$call" no se reconoce como un comando interno o externo,
programa o archivo por lotes ejecutable.
"$call" no se reconoce como un comando interno o externo,
programa o archivo por lotes ejecutable.
--- MELI.gms(964) 5292 Mb
--- MELI.gms(965) 5292 Mb
--- MELI.gms(966) 5292 Mb
--- MELI.gms(967) 5292 Mb
--- MELI.gms(968) 5292 Mb
--- MELI.gms(969) 5292 Mb
*** Status: Normal completion
--- Job MELI.gms Stop 01/10/23 19:42:25 elapsed 0:55:51.415
"$call" no se reconoce como un comando interno o externo,
programa o archivo por lotes ejecutable.
"$call" no se reconoce como un comando interno o externo,
programa o archivo por lotes ejecutable.
"$call" no se reconoce como un comando interno o externo,
programa o archivo por lotes ejecutable.
"$call" no se reconoce como un comando interno o externo,
programa o archivo por lotes ejecutable.
"$call" no se reconoce como un comando interno o externo,
programa o archivo por lotes ejecutable.
"$call" no se reconoce como un comando interno o externo,
programa o archivo por lotes ejecutable.
